Using pre-set license
Built from '2020.3/staging' branch; Version is '2020.3.17f1 (a4537701e4ab) revision 10769271'; Using compiler version '192528614'; Build Type 'Release'
OS: 'Windows 10 Home; OS build 19043.1165; Version 2009; 64bit' Language: 'fr' Physical Memory: 16310 MB
BatchMode: 1, IsHumanControllingUs: 0, StartBugReporterOnCrash: 0, Is64bit: 1, IsPro: 0

COMMAND LINE ARGUMENTS:
C:\Program Files\Unity\Hub\Editor\2020.3.17f1\Editor\Unity.exe
-adb2
-batchMode
-noUpm
-name
AssetImportWorker0
-projectPath
D:/Unity Projects/MultiMouse
-logFile
Logs/AssetImportWorker0.log
-srvPort
57276
Successfully changed project path to: D:/Unity Projects/MultiMouse
D:/Unity Projects/MultiMouse
Using Asset Import Pipeline V2.
Refreshing native plugins compatible for Editor in 26.17 ms, found 2 plugins.
Preloading 0 native plugins for Editor in 0.00 ms.
Initialize engine version: 2020.3.17f1 (a4537701e4ab)
[Subsystems] Discovering subsystems at path C:/Program Files/Unity/Hub/Editor/2020.3.17f1/Editor/Data/Resources/UnitySubsystems
[Subsystems] Discovering subsystems at path D:/Unity Projects/MultiMouse/Assets
GfxDevice: creating device client; threaded=0
Direct3D:
    Version:  Direct3D 11.0 [level 11.1]
    Renderer: AMD Radeon RX 6700 XT (ID=0x73df)
    Vendor:   
    VRAM:     12243 MB
    Driver:   27.20.22001.14011
Initialize mono
Mono path[0] = 'C:/Program Files/Unity/Hub/Editor/2020.3.17f1/Editor/Data/Managed'
Mono path[1] = 'C:/Program Files/Unity/Hub/Editor/2020.3.17f1/Editor/Data/MonoBleedingEdge/lib/mono/unityjit'
Mono config path = 'C:/Program Files/Unity/Hub/Editor/2020.3.17f1/Editor/Data/MonoBleedingEdge/etc'
Using monoOptions --debugger-agent=transport=dt_socket,embedding=1,server=y,suspend=n,address=127.0.0.1:56484
Begin MonoManager ReloadAssembly
Registering precompiled unity dll's ...
Register platform support module: C:/Program Files/Unity/Hub/Editor/2020.3.17f1/Editor/Data/PlaybackEngines/WindowsStandaloneSupport/UnityEditor.WindowsStandalone.Extensions.dll
Registered in 0.001474 seconds.
Native extension for WindowsStandalone target not found
Refreshing native plugins compatible for Editor in 26.38 ms, found 2 plugins.
Preloading 0 native plugins for Editor in 0.00 ms.
Mono: successfully reloaded assembly
- Completed reload, in  0.776 seconds
Domain Reload Profiling:
	ReloadAssembly (776ms)
		BeginReloadAssembly (44ms)
			ExecutionOrderSort (0ms)
			DisableScriptedObjects (0ms)
			BackupInstance (0ms)
			ReleaseScriptingObjects (0ms)
			CreateAndSetChildDomain (1ms)
		EndReloadAssembly (320ms)
			LoadAssemblies (42ms)
			RebuildTransferFunctionScriptingTraits (0ms)
			SetupTypeCache (117ms)
			ReleaseScriptCaches (0ms)
			RebuildScriptCaches (24ms)
			SetupLoadedEditorAssemblies (125ms)
				LogAssemblyErrors (0ms)
				InitializePlatformSupportModulesInManaged (3ms)
				SetLoadedEditorAssemblies (0ms)
				RefreshPlugins (26ms)
				BeforeProcessingInitializeOnLoad (13ms)
				ProcessInitializeOnLoadAttributes (60ms)
				ProcessInitializeOnLoadMethodAttributes (22ms)
				AfterProcessingInitializeOnLoad (0ms)
				EditorAssembliesLoaded (0ms)
			ExecutionOrderSort2 (0ms)
			AwakeInstancesAfterBackupRestoration (0ms)
Platform modules already initialized, skipping
Registering precompiled user dll's ...
Registered in 0.002227 seconds.
Begin MonoManager ReloadAssembly
Native extension for WindowsStandalone target not found
Refreshing native plugins compatible for Editor in 0.33 ms, found 2 plugins.
Preloading 0 native plugins for Editor in 0.00 ms.
Mono: successfully reloaded assembly
- Completed reload, in  0.855 seconds
Domain Reload Profiling:
	ReloadAssembly (855ms)
		BeginReloadAssembly (116ms)
			ExecutionOrderSort (0ms)
			DisableScriptedObjects (3ms)
			BackupInstance (0ms)
			ReleaseScriptingObjects (0ms)
			CreateAndSetChildDomain (15ms)
		EndReloadAssembly (687ms)
			LoadAssemblies (65ms)
			RebuildTransferFunctionScriptingTraits (0ms)
			SetupTypeCache (218ms)
			ReleaseScriptCaches (0ms)
			RebuildScriptCaches (34ms)
			SetupLoadedEditorAssemblies (296ms)
				LogAssemblyErrors (0ms)
				InitializePlatformSupportModulesInManaged (4ms)
				SetLoadedEditorAssemblies (1ms)
				RefreshPlugins (0ms)
				BeforeProcessingInitializeOnLoad (59ms)
				ProcessInitializeOnLoadAttributes (224ms)
				ProcessInitializeOnLoadMethodAttributes (3ms)
				AfterProcessingInitializeOnLoad (5ms)
				EditorAssembliesLoaded (0ms)
			ExecutionOrderSort2 (0ms)
			AwakeInstancesAfterBackupRestoration (5ms)
Platform modules already initialized, skipping
========================================================================
Worker process is ready to serve import requests
Launched and connected shader compiler UnityShaderCompiler.exe after 0.04 seconds
Refreshing native plugins compatible for Editor in 0.34 ms, found 2 plugins.
Preloading 0 native plugins for Editor in 0.00 ms.
Unloading 1523 Unused Serialized files (Serialized files now loaded: 0)
System memory in use before: 74.9 MB.
System memory in use after: 74.9 MB.

Unloading 20 unused Assets to reduce memory usage. Loaded Objects now: 1954.
Total: 2.456900 ms (FindLiveObjects: 0.123900 ms CreateObjectMapping: 0.031000 ms MarkObjects: 2.251800 ms  DeleteObjects: 0.049300 ms)

AssetImportParameters requested are different than current active one (requested -> active):
  custom:framework-win-MediaFoundation: 216162199b28c13a410421893ffa2e32 -> 
  custom:video-decoder-ogg-theora: a1e56fd34408186e4bbccfd4996cb3dc -> 
  custom:container-muxer-webm: aa71ff27fc2769a1b78a27578f13a17b -> 
  custom:container-demuxer-webm: 4f35f7cbe854078d1ac9338744f61a02 -> 
  custom:container-demuxer-ogg: 62fdf1f143b41e24485cea50d1cbac27 -> 
  custom:video-encoder-webm-vp8: eb34c28f22e8b96e1ab97ce403110664 -> 
  custom:video-decoder-webm-vp8: 9c59270c3fd7afecdb556c50c9e8de78 -> 
  custom:audio-decoder-ogg-vorbis: bf7c407c2cedff20999df2af8eb42d56 -> 
  custom:audio-encoder-webm-vorbis: bf7c407c2cedff20999df2af8eb42d56 -> 
========================================================================
Received Import Request.
  path: Assets/Prefabs/Sphere_Y.prefab
  artifactKey: Guid(0f952286adcc77a43834dd088a212e38) Importer(815301076,1909f56bfc062723c751e8b465ee728b)
Start importing Assets/Prefabs/Sphere_Y.prefab using Guid(0f952286adcc77a43834dd088a212e38) Importer(815301076,1909f56bfc062723c751e8b465ee728b)  -> (artifact id: '5231fe4feba35960930ea18fd134aff3') in 0.085587 seconds 
  Import took 0.094331 seconds .

========================================================================
Received Import Request.
  Time since last request: 1.390446 seconds.
  path: Assets/Prefabs/Sphere_R.prefab
  artifactKey: Guid(e0fe4d4e18aded74fb427b33948b4c04) Importer(815301076,1909f56bfc062723c751e8b465ee728b)
Start importing Assets/Prefabs/Sphere_R.prefab using Guid(e0fe4d4e18aded74fb427b33948b4c04) Importer(815301076,1909f56bfc062723c751e8b465ee728b)  -> (artifact id: '052a029afc2727451f97f0200431b658') in 0.012097 seconds 
  Import took 0.014325 seconds .

========================================================================
Received Import Request.
  Time since last request: 1.023916 seconds.
  path: Assets/Prefabs/Sphere_G.prefab
  artifactKey: Guid(9575affc465619544b9d3c753d0e9349) Importer(815301076,1909f56bfc062723c751e8b465ee728b)
Start importing Assets/Prefabs/Sphere_G.prefab using Guid(9575affc465619544b9d3c753d0e9349) Importer(815301076,1909f56bfc062723c751e8b465ee728b)  -> (artifact id: 'f800d11978cc15a5c8913a711cd68e6f') in 0.011146 seconds 
  Import took 0.017120 seconds .

========================================================================
Received Import Request.
  Time since last request: 0.543496 seconds.
  path: Assets/Prefabs/Sphere_B.prefab
  artifactKey: Guid(d4ec311effbda6141a9d57e23a6e736d) Importer(815301076,1909f56bfc062723c751e8b465ee728b)
Start importing Assets/Prefabs/Sphere_B.prefab using Guid(d4ec311effbda6141a9d57e23a6e736d) Importer(815301076,1909f56bfc062723c751e8b465ee728b)  -> (artifact id: '87c8f94eb5539d4ccc4ba8b7de5f53d5') in 0.008658 seconds 
  Import took 0.011077 seconds .

========================================================================
Received Import Request.
  Time since last request: 5.228732 seconds.
  path: Assets/Prefabs/SPhere.prefab
  artifactKey: Guid(0f952286adcc77a43834dd088a212e38) Importer(815301076,1909f56bfc062723c751e8b465ee728b)
Start importing Assets/Prefabs/SPhere.prefab using Guid(0f952286adcc77a43834dd088a212e38) Importer(815301076,1909f56bfc062723c751e8b465ee728b)  -> (artifact id: '779381532cd22fb07466e7f1240efa49') in 0.007474 seconds 
  Import took 0.009688 seconds .

========================================================================
Received Import Request.
  Time since last request: 2.436662 seconds.
  path: Assets/Prefabs/Sphere.prefab
  artifactKey: Guid(0f952286adcc77a43834dd088a212e38) Importer(815301076,1909f56bfc062723c751e8b465ee728b)
Start importing Assets/Prefabs/Sphere.prefab using Guid(0f952286adcc77a43834dd088a212e38) Importer(815301076,1909f56bfc062723c751e8b465ee728b)  -> (artifact id: 'b154eaf612282d02162dc22bc48e37fa') in 0.007557 seconds 
  Import took 0.009816 seconds .

========================================================================
Received Import Request.
  Time since last request: 18.257309 seconds.
  path: Assets/Scenes/Tunnel.unity
  artifactKey: Guid(e2049b06211116f45a1251d999443b3c) Importer(815301076,1909f56bfc062723c751e8b465ee728b)
Start importing Assets/Scenes/Tunnel.unity using Guid(e2049b06211116f45a1251d999443b3c) Importer(815301076,1909f56bfc062723c751e8b465ee728b)  -> (artifact id: 'a985823a3f8236c375e05075bf132b5d') in 0.004406 seconds 
  Import took 0.008378 seconds .

========================================================================
Received Import Request.
  Time since last request: 1.736991 seconds.
  path: Assets/Scenes/MouseTestScene.unity
  artifactKey: Guid(eb776989ac32c264ca61aeddd254c03c) Importer(815301076,1909f56bfc062723c751e8b465ee728b)
Start importing Assets/Scenes/MouseTestScene.unity using Guid(eb776989ac32c264ca61aeddd254c03c) Importer(815301076,1909f56bfc062723c751e8b465ee728b)  -> (artifact id: '008d65afd12007e3c18899afddffb019') in 0.004045 seconds 
  Import took 0.006176 seconds .

========================================================================
Received Import Request.
  Time since last request: 5.364384 seconds.
  path: Assets/Scripts/AvatarMovementScript.cs
  artifactKey: Guid(e3c9f1aae7287074a9676462c1b269e3) Importer(815301076,1909f56bfc062723c751e8b465ee728b)
Start importing Assets/Scripts/AvatarMovementScript.cs using Guid(e3c9f1aae7287074a9676462c1b269e3) Importer(815301076,1909f56bfc062723c751e8b465ee728b)  -> (artifact id: 'f74ffa1e8cc152f5541053413b04f37b') in 0.005793 seconds 
  Import took 0.008051 seconds .

========================================================================
Received Import Request.
  Time since last request: 1.292592 seconds.
  path: Assets/Scripts/BallScript.cs
  artifactKey: Guid(976fcc931a368de45b8c4e9bfde1fe1b) Importer(815301076,1909f56bfc062723c751e8b465ee728b)
Start importing Assets/Scripts/BallScript.cs using Guid(976fcc931a368de45b8c4e9bfde1fe1b) Importer(815301076,1909f56bfc062723c751e8b465ee728b)  -> (artifact id: 'f8a01a625b90f80fde7226d90a848452') in 0.003996 seconds 
  Import took 0.006251 seconds .

========================================================================
Received Import Request.
  Time since last request: 0.722565 seconds.
  path: Assets/Scripts/CameraScript.cs
  artifactKey: Guid(bcc7b1de5571a6b4299a6378266508fd) Importer(815301076,1909f56bfc062723c751e8b465ee728b)
Start importing Assets/Scripts/CameraScript.cs using Guid(bcc7b1de5571a6b4299a6378266508fd) Importer(815301076,1909f56bfc062723c751e8b465ee728b)  -> (artifact id: 'afefdb4917916a116238c5d94e55cd11') in 0.006614 seconds 
  Import took 0.008664 seconds .

========================================================================
Received Import Request.
  Time since last request: 1.766487 seconds.
  path: Assets/Scripts/Mouse/Mouse.cs
  artifactKey: Guid(f57a5a625df1d2e4996cf60dd0fe247a) Importer(815301076,1909f56bfc062723c751e8b465ee728b)
Start importing Assets/Scripts/Mouse/Mouse.cs using Guid(f57a5a625df1d2e4996cf60dd0fe247a) Importer(815301076,1909f56bfc062723c751e8b465ee728b)  -> (artifact id: '94b52396c111942b20dbef6fef36e0f2') in 0.004200 seconds 
  Import took 0.006307 seconds .

========================================================================
Received Prepare
Registering precompiled user dll's ...
Registered in 0.002305 seconds.
Begin MonoManager ReloadAssembly
Native extension for WindowsStandalone target not found
Refreshing native plugins compatible for Editor in 0.34 ms, found 2 plugins.
Preloading 0 native plugins for Editor in 0.00 ms.
Mono: successfully reloaded assembly
- Completed reload, in  0.784 seconds
Domain Reload Profiling:
	ReloadAssembly (784ms)
		BeginReloadAssembly (84ms)
			ExecutionOrderSort (0ms)
			DisableScriptedObjects (3ms)
			BackupInstance (0ms)
			ReleaseScriptingObjects (0ms)
			CreateAndSetChildDomain (26ms)
		EndReloadAssembly (650ms)
			LoadAssemblies (63ms)
			RebuildTransferFunctionScriptingTraits (0ms)
			SetupTypeCache (209ms)
			ReleaseScriptCaches (1ms)
			RebuildScriptCaches (29ms)
			SetupLoadedEditorAssemblies (272ms)
				LogAssemblyErrors (0ms)
				InitializePlatformSupportModulesInManaged (4ms)
				SetLoadedEditorAssemblies (0ms)
				RefreshPlugins (0ms)
				BeforeProcessingInitializeOnLoad (56ms)
				ProcessInitializeOnLoadAttributes (203ms)
				ProcessInitializeOnLoadMethodAttributes (3ms)
				AfterProcessingInitializeOnLoad (5ms)
				EditorAssembliesLoaded (0ms)
			ExecutionOrderSort2 (0ms)
			AwakeInstancesAfterBackupRestoration (5ms)
Platform modules already initialized, skipping
Refreshing native plugins compatible for Editor in 0.34 ms, found 2 plugins.
Preloading 0 native plugins for Editor in 0.00 ms.
Unloading 1487 Unused Serialized files (Serialized files now loaded: 0)
System memory in use before: 75.1 MB.
System memory in use after: 75.2 MB.

Unloading 18 unused Assets to reduce memory usage. Loaded Objects now: 1961.
Total: 2.399100 ms (FindLiveObjects: 0.130500 ms CreateObjectMapping: 0.036800 ms MarkObjects: 2.215800 ms  DeleteObjects: 0.015100 ms)

AssetImportParameters requested are different than current active one (requested -> active):
  custom:framework-win-MediaFoundation: 216162199b28c13a410421893ffa2e32 -> 
  custom:video-decoder-ogg-theora: a1e56fd34408186e4bbccfd4996cb3dc -> 
  custom:container-muxer-webm: aa71ff27fc2769a1b78a27578f13a17b -> 
  custom:container-demuxer-webm: 4f35f7cbe854078d1ac9338744f61a02 -> 
  custom:container-demuxer-ogg: 62fdf1f143b41e24485cea50d1cbac27 -> 
  custom:video-encoder-webm-vp8: eb34c28f22e8b96e1ab97ce403110664 -> 
  custom:video-decoder-webm-vp8: 9c59270c3fd7afecdb556c50c9e8de78 -> 
  custom:audio-decoder-ogg-vorbis: bf7c407c2cedff20999df2af8eb42d56 -> 
  custom:audio-encoder-webm-vorbis: bf7c407c2cedff20999df2af8eb42d56 -> 
AssetImportWorkerClient::OnTransportError - code=2 error=End of file
